<?xml version="1.0" encoding="UTF-8"?>
<!-- Generated by org.testng.reporters.JUnitReportReporter -->
<testsuite name="Training.TestReport" tests="5" time="0.047" ignored="0" failures="0" timestamp="18 Apr 2018 15:24:43 GMT" skipped="4" hostname="W1650916" errors="1">
  <testcase name="f4" time="0.000" classname="Training.TestReport">
    <skipped/>
  </testcase> <!-- f4 -->
  <testcase name="f2" time="0.016" classname="Training.TestReport">
    <skipped/>
  </testcase> <!-- f2 -->
  <testcase name="f3" time="0.015" classname="Training.TestReport">
    <skipped/>
  </testcase> <!-- f3 -->
  <testcase name="beforeTest" time="0.000" classname="Training.TestReport">
    <error type="java.lang.Error" message="Unresolved compilation problems: 
	PdfWriter cannot be resolved to a type
	PdfWriter cannot be resolved
	document cannot be resolved to a variable
	document cannot be resolved
	document cannot be resolved
	Image cannot be resolved
	input cannot be resolved to a variable
	document cannot be resolved
">
      <![CDATA[java.lang.Error: Unresolved compilation problems: 
	PdfWriter cannot be resolved to a type
	PdfWriter cannot be resolved
	document cannot be resolved to a variable
	document cannot be resolved
	document cannot be resolved
	Image cannot be resolved
	input cannot be resolved to a variable
	document cannot be resolved

	at Training.Reporter.Pass(Reporter.java:85)
	at Training.Reporter.startTest(Reporter.java:60)
	at Training.TestReport.beforeTest(TestReport.java:25)
	at sun.reflect.NativeMethodAccessorImpl.invoke0(Native Method)
	at sun.reflect.NativeMethodAccessorImpl.invoke(Unknown Source)
	at sun.reflect.DelegatingMethodAccessorImpl.invoke(Unknown Source)
	at java.lang.reflect.Method.invoke(Unknown Source)
	at org.testng.internal.MethodInvocationHelper.invokeMethod(MethodInvocationHelper.java:104)
	at org.testng.internal.Invoker.invokeConfigurationMethod(Invoker.java:515)
	at org.testng.internal.Invoker.invokeConfigurations(Invoker.java:217)
	at org.testng.internal.Invoker.invokeConfigurations(Invoker.java:144)
	at org.testng.TestRunner.beforeRun(TestRunner.java:634)
	at org.testng.TestRunner.run(TestRunner.java:602)
	at org.testng.SuiteRunner.runTest(SuiteRunner.java:387)
	at org.testng.SuiteRunner.runSequentially(SuiteRunner.java:382)
	at org.testng.SuiteRunner.privateRun(SuiteRunner.java:340)
	at org.testng.SuiteRunner.run(SuiteRunner.java:289)
	at org.testng.SuiteRunnerWorker.runSuite(SuiteRunnerWorker.java:52)
	at org.testng.SuiteRunnerWorker.run(SuiteRunnerWorker.java:86)
	at org.testng.TestNG.runSuitesSequentially(TestNG.java:1293)
	at org.testng.TestNG.runSuitesLocally(TestNG.java:1218)
	at org.testng.TestNG.runSuites(TestNG.java:1133)
	at org.testng.TestNG.run(TestNG.java:1104)
	at org.testng.remote.AbstractRemoteTestNG.run(AbstractRemoteTestNG.java:132)
	at org.testng.remote.RemoteTestNG.initAndRun(RemoteTestNG.java:236)
	at org.testng.remote.RemoteTestNG.main(RemoteTestNG.java:81)
]]>
    </error>
  </testcase> <!-- beforeTest -->
  <testcase name="f1" time="0.016" classname="Training.TestReport">
    <skipped/>
  </testcase> <!-- f1 -->
</testsuite> <!-- Training.TestReport -->
