<?xml version="1.0" encoding="UTF-8"?>
<!-- Generated by org.testng.reporters.JUnitReportReporter -->
<testsuite skipped="1" hostname="W1650916" name="Training.qc" tests="2" failures="0" timestamp="06 Sep 2017 06:31:36 GMT" time="2.621" errors="1">
  <testcase name="init" time="2.620" classname="Training.qc">
    <error type="java.lang.UnsatisfiedLinkError" message="C:\Users\bj053527\workspace\TrainingProject\jacob-1.17-M2-x86.dll: Can&#039;t load IA 32-bit .dll on a AMD 64-bit platform">
      <![CDATA[java.lang.UnsatisfiedLinkError: C:\Users\bj053527\workspace\TrainingProject\jacob-1.17-M2-x86.dll: Can't load IA 32-bit .dll on a AMD 64-bit platform
	at java.lang.ClassLoader$NativeLibrary.load(Native Method)
	at java.lang.ClassLoader.loadLibrary0(Unknown Source)
	at java.lang.ClassLoader.loadLibrary(Unknown Source)
	at java.lang.Runtime.load0(Unknown Source)
	at java.lang.System.load(Unknown Source)
	at com.jacob.com.LibraryLoader.loadJacobLibrary(LibraryLoader.java:151)
	at com.jacob.com.JacobObject.<clinit>(JacobObject.java:108)
	at com.jacob.com.LibraryLoader.loadJacobLibrary(LibraryLoader.java:149)
	at Training.qc.init(qc.java:27)
	at sun.reflect.NativeMethodAccessorImpl.invoke0(Native Method)
	at sun.reflect.NativeMethodAccessorImpl.invoke(Unknown Source)
	at sun.reflect.DelegatingMethodAccessorImpl.invoke(Unknown Source)
	at java.lang.reflect.Method.invoke(Unknown Source)
	at org.testng.internal.MethodInvocationHelper.invokeMethod(MethodInvocationHelper.java:108)
	at org.testng.internal.Invoker.invokeConfigurationMethod(Invoker.java:523)
	at org.testng.internal.Invoker.invokeConfigurations(Invoker.java:224)
	at org.testng.internal.Invoker.invokeConfigurations(Invoker.java:146)
	at org.testng.internal.TestMethodWorker.invokeBeforeClassMethods(TestMethodWorker.java:166)
	at org.testng.internal.TestMethodWorker.run(TestMethodWorker.java:105)
	at org.testng.TestRunner.privateRun(TestRunner.java:744)
	at org.testng.TestRunner.run(TestRunner.java:602)
	at org.testng.SuiteRunner.runTest(SuiteRunner.java:380)
	at org.testng.SuiteRunner.runSequentially(SuiteRunner.java:375)
	at org.testng.SuiteRunner.privateRun(SuiteRunner.java:340)
	at org.testng.SuiteRunner.run(SuiteRunner.java:289)
	at org.testng.SuiteRunnerWorker.runSuite(SuiteRunnerWorker.java:52)
	at org.testng.SuiteRunnerWorker.run(SuiteRunnerWorker.java:86)
	at org.testng.TestNG.runSuitesSequentially(TestNG.java:1301)
	at org.testng.TestNG.runSuitesLocally(TestNG.java:1226)
	at org.testng.TestNG.runSuites(TestNG.java:1144)
	at org.testng.TestNG.run(TestNG.java:1115)
	at org.testng.remote.AbstractRemoteTestNG.run(AbstractRemoteTestNG.java:132)
	at org.testng.remote.RemoteTestNG.initAndRun(RemoteTestNG.java:230)
	at org.testng.remote.RemoteTestNG.main(RemoteTestNG.java:76)
]]>
    </error>
  </testcase> <!-- init -->
  <testcase name="login" time="0.001" classname="Training.qc">
    <skipped/>
  </testcase> <!-- login -->
</testsuite> <!-- Training.qc -->
